{
  "RSpec": {
    "coverage": {
      "/Users/cristopher/Desktop/MAKERS/Week_4/bookmarks_manager/spec/bookmark_spec.rb": [
        1,
        1,
        null,
        1,
        1,
        1,
        1,
        1,
        1,
        null,
        null,
        1,
        1,
        null,
        1,
        1,
        1,
        null,
        1,
        null,
        1,
        1,
        1,
        1,
        1,
        null,
        null,
        null,
        1,
        1,
        1,
        1,
        null,
        1,
        1,
        1,
        1,
        null,
        null,
        null,
        1,
        1,
        1,
        1,
        1,
        1,
        1,
        1,
        null,
        null,
        null,
        1,
        1,
        1,
        1,
        null,
        1,
        1,
        1,
        1,
        null,
        null,
        null
      ],
      "/Users/cristopher/Desktop/MAKERS/Week_4/bookmarks_manager/spec/database_helpers.rb": [
        1,
        1,
        1,
        1,
        null
      ],
      "/Users/cristopher/Desktop/MAKERS/Week_4/bookmarks_manager/spec/database_connection_spec.rb": [
        1,
        null,
        1,
        1,
        1,
        1,
        null,
        1,
        null,
        null,
        1,
        1,
        1,
        null,
        null,
        null,
        1,
        1,
        1,
        1,
        1,
        null,
        null,
        null
      ],
      "/Users/cristopher/Desktop/MAKERS/Week_4/bookmarks_manager/spec/features/creating_bookmarks_spec.rb": [
        1,
        1,
        1,
        1,
        1,
        1,
        1,
        null,
        null
      ],
      "/Users/cristopher/Desktop/MAKERS/Week_4/bookmarks_manager/spec/features/deleting_a_bookmark_spec.rb": [
        1,
        1,
        1,
        1,
        1,
        null,
        null,
        1,
        1,
        null,
        null,
        null
      ],
      "/Users/cristopher/Desktop/MAKERS/Week_4/bookmarks_manager/spec/features/updating_a_bookmark_spec.rb": [
        1,
        1,
        1,
        1,
        1,
        null,
        1,
        null,
        1,
        1,
        1,
        null,
        null,
        1,
        null,
        null
      ],
      "/Users/cristopher/Desktop/MAKERS/Week_4/bookmarks_manager/spec/features/viewing_bookmarks_spec.rb": [
        1,
        1,
        1,
        1,
        null,
        null,
        null,
        1,
        1,
        null,
        null,
        1,
        1,
        1,
        null,
        null,
        1,
        null,
        1,
        1,
        1,
        null,
        null
      ]
    },
    "timestamp": 1547833851
  }
}
